[ 2012-08-07T22:37:45+08:00 ] /fornu/admin.php | INFO: Tag[ app_begin ] --START--
[ 2012-08-07T22:37:45+08:00 ] /fornu/admin.php | INFO: Run ReadHtmlCache Behavior [ RunTime:0.000661s ]
[ 2012-08-07T22:37:45+08:00 ] /fornu/admin.php | INFO: Tag[ app_begin ] --END-- [ RunTime:0.168212s ]
[ 2012-08-07T22:37:45+08:00 ] /fornu/admin.php | INFO: Tag[ view_template ] --START--
[ 2012-08-07T22:37:45+08:00 ] /fornu/admin.php | INFO: Run LocationTemplate Behavior [ RunTime:0.000603s ]
[ 2012-08-07T22:37:45+08:00 ] /fornu/admin.php | INFO: Tag[ view_template ] --END-- [ RunTime:0.000680s ]
[ 2012-08-07T22:37:45+08:00 ] /fornu/admin.php | INFO: Tag[ view_parse ] --START--
[ 2012-08-07T22:37:45+08:00 ] /fornu/admin.php | INFO: Run ParseTemplate Behavior [ RunTime:0.231295s ]
[ 2012-08-07T22:37:45+08:00 ] /fornu/admin.php | INFO: Tag[ view_parse ] --END-- [ RunTime:0.231392s ]
[ 2012-08-07T22:37:45+08:00 ] /fornu/admin.php | INFO: Tag[ view_filter ] --START--
[ 2012-08-07T22:37:45+08:00 ] /fornu/admin.php | INFO: Run ContentReplace Behavior [ RunTime:0.000504s ]
[ 2012-08-07T22:37:45+08:00 ] /fornu/admin.php | INFO: Run TokenBuild Behavior [ RunTime:0.000514s ]
[ 2012-08-07T22:37:45+08:00 ] /fornu/admin.php | INFO: Run WriteHtmlCache Behavior [ RunTime:0.000484s ]
[ 2012-08-07T22:37:45+08:00 ] /fornu/admin.php | INFO: Run ShowRuntime Behavior [ RunTime:0.001013s ]
[ 2012-08-07T22:37:45+08:00 ] /fornu/admin.php | INFO: Tag[ view_filter ] --END-- [ RunTime:0.002824s ]
[ 2012-08-07T22:37:45+08:00 ] /fornu/admin.php | INFO: Tag[ view_end ] --START--
[ 2012-08-07T22:37:45+08:00 ] /fornu/admin.php | INFO: Run ShowPageTrace Behavior [ RunTime:0.000642s ]
[ 2012-08-07T22:37:45+08:00 ] /fornu/admin.php | INFO: Tag[ view_end ] --END-- [ RunTime:0.000733s ]
[ 2012-08-07T22:37:55+08:00 ] /fornu/admin.php | INFO: Tag[ app_begin ] --START--
[ 2012-08-07T22:37:55+08:00 ] /fornu/admin.php | INFO: Run ReadHtmlCache Behavior [ RunTime:0.000626s ]
[ 2012-08-07T22:37:55+08:00 ] /fornu/admin.php | INFO: Tag[ app_begin ] --END-- [ RunTime:0.000710s ]
[ 2012-08-07T22:37:55+08:00 ] /fornu/admin.php | INFO: Tag[ view_template ] --START--
[ 2012-08-07T22:37:55+08:00 ] /fornu/admin.php | INFO: Run LocationTemplate Behavior [ RunTime:0.000634s ]
[ 2012-08-07T22:37:55+08:00 ] /fornu/admin.php | INFO: Tag[ view_template ] --END-- [ RunTime:0.000712s ]
[ 2012-08-07T22:37:55+08:00 ] /fornu/admin.php | INFO: Tag[ view_parse ] --START--
[ 2012-08-07T22:37:55+08:00 ] /fornu/admin.php | INFO: Run ParseTemplate Behavior [ RunTime:0.006517s ]
[ 2012-08-07T22:37:55+08:00 ] /fornu/admin.php | INFO: Tag[ view_parse ] --END-- [ RunTime:0.006605s ]
[ 2012-08-07T22:37:55+08:00 ] /fornu/admin.php | INFO: Tag[ view_filter ] --START--
[ 2012-08-07T22:37:55+08:00 ] /fornu/admin.php | INFO: Run ContentReplace Behavior [ RunTime:0.000400s ]
[ 2012-08-07T22:37:55+08:00 ] /fornu/admin.php | INFO: Run TokenBuild Behavior [ RunTime:0.000450s ]
[ 2012-08-07T22:37:55+08:00 ] /fornu/admin.php | INFO: Run WriteHtmlCache Behavior [ RunTime:0.000272s ]
[ 2012-08-07T22:37:55+08:00 ] /fornu/admin.php | INFO: Run ShowRuntime Behavior [ RunTime:0.000422s ]
[ 2012-08-07T22:37:55+08:00 ] /fornu/admin.php | INFO: Tag[ view_filter ] --END-- [ RunTime:0.001697s ]
[ 2012-08-07T22:37:55+08:00 ] /fornu/admin.php | INFO: Tag[ view_end ] --START--
[ 2012-08-07T22:37:55+08:00 ] /fornu/admin.php | INFO: Run ShowPageTrace Behavior [ RunTime:0.000376s ]
[ 2012-08-07T22:37:55+08:00 ] /fornu/admin.php | INFO: Tag[ view_end ] --END-- [ RunTime:0.000430s ]
[ 2012-08-07T22:37:58+08:00 ] /fornu/admin.php | INFO: Tag[ app_begin ] --START--
[ 2012-08-07T22:37:58+08:00 ] /fornu/admin.php | INFO: Run ReadHtmlCache Behavior [ RunTime:0.000471s ]
[ 2012-08-07T22:37:58+08:00 ] /fornu/admin.php | INFO: Tag[ app_begin ] --END-- [ RunTime:0.000547s ]
[ 2012-08-07T22:37:58+08:00 ] /fornu/admin.php | INFO: Tag[ view_template ] --START--
[ 2012-08-07T22:37:58+08:00 ] /fornu/admin.php | INFO: Run LocationTemplate Behavior [ RunTime:0.000686s ]
[ 2012-08-07T22:37:58+08:00 ] /fornu/admin.php | INFO: Tag[ view_template ] --END-- [ RunTime:0.000774s ]
[ 2012-08-07T22:37:58+08:00 ] /fornu/admin.php | INFO: Tag[ view_parse ] --START--
[ 2012-08-07T22:37:58+08:00 ] /fornu/admin.php | INFO: Run ParseTemplate Behavior [ RunTime:0.005607s ]
[ 2012-08-07T22:37:58+08:00 ] /fornu/admin.php | INFO: Tag[ view_parse ] --END-- [ RunTime:0.005680s ]
[ 2012-08-07T22:37:58+08:00 ] /fornu/admin.php | INFO: Tag[ view_filter ] --START--
[ 2012-08-07T22:37:58+08:00 ] /fornu/admin.php | INFO: Run ContentReplace Behavior [ RunTime:0.000369s ]
[ 2012-08-07T22:37:58+08:00 ] /fornu/admin.php | INFO: Run TokenBuild Behavior [ RunTime:0.000371s ]
[ 2012-08-07T22:37:58+08:00 ] /fornu/admin.php | INFO: Run WriteHtmlCache Behavior [ RunTime:0.000268s ]
[ 2012-08-07T22:37:58+08:00 ] /fornu/admin.php | INFO: Run ShowRuntime Behavior [ RunTime:0.000422s ]
[ 2012-08-07T22:37:58+08:00 ] /fornu/admin.php | INFO: Tag[ view_filter ] --END-- [ RunTime:0.001584s ]
[ 2012-08-07T22:37:58+08:00 ] /fornu/admin.php | INFO: Tag[ view_end ] --START--
[ 2012-08-07T22:37:58+08:00 ] /fornu/admin.php | INFO: Run ShowPageTrace Behavior [ RunTime:0.000384s ]
[ 2012-08-07T22:37:58+08:00 ] /fornu/admin.php | INFO: Tag[ view_end ] --END-- [ RunTime:0.000437s ]
[ 2012-08-07T22:44:28+08:00 ] /fornu/admin.php | INFO: Tag[ app_begin ] --START--
[ 2012-08-07T22:44:28+08:00 ] /fornu/admin.php | INFO: Run ReadHtmlCache Behavior [ RunTime:0.000572s ]
[ 2012-08-07T22:44:28+08:00 ] /fornu/admin.php | INFO: Tag[ app_begin ] --END-- [ RunTime:0.000656s ]
[ 2012-08-07T22:44:28+08:00 ] /fornu/admin.php | INFO: Tag[ view_template ] --START--
[ 2012-08-07T22:44:28+08:00 ] /fornu/admin.php | INFO: Run LocationTemplate Behavior [ RunTime:0.000690s ]
[ 2012-08-07T22:44:28+08:00 ] /fornu/admin.php | INFO: Tag[ view_template ] --END-- [ RunTime:0.000760s ]
[ 2012-08-07T22:44:28+08:00 ] /fornu/admin.php | INFO: Tag[ view_parse ] --START--
[ 2012-08-07T22:44:28+08:00 ] /fornu/admin.php | INFO: Run ParseTemplate Behavior [ RunTime:0.007100s ]
[ 2012-08-07T22:44:28+08:00 ] /fornu/admin.php | INFO: Tag[ view_parse ] --END-- [ RunTime:0.007207s ]
[ 2012-08-07T22:44:28+08:00 ] /fornu/admin.php | INFO: Tag[ view_filter ] --START--
[ 2012-08-07T22:44:28+08:00 ] /fornu/admin.php | INFO: Run ContentReplace Behavior [ RunTime:0.000692s ]
[ 2012-08-07T22:44:28+08:00 ] /fornu/admin.php | INFO: Run TokenBuild Behavior [ RunTime:0.000554s ]
[ 2012-08-07T22:44:28+08:00 ] /fornu/admin.php | INFO: Run WriteHtmlCache Behavior [ RunTime:0.000361s ]
[ 2012-08-07T22:44:28+08:00 ] /fornu/admin.php | INFO: Run ShowRuntime Behavior [ RunTime:0.000543s ]
[ 2012-08-07T22:44:28+08:00 ] /fornu/admin.php | INFO: Tag[ view_filter ] --END-- [ RunTime:0.002360s ]
[ 2012-08-07T22:44:28+08:00 ] /fornu/admin.php | INFO: Tag[ view_end ] --START--
[ 2012-08-07T22:44:28+08:00 ] /fornu/admin.php | INFO: Run ShowPageTrace Behavior [ RunTime:0.000459s ]
[ 2012-08-07T22:44:28+08:00 ] /fornu/admin.php | INFO: Tag[ view_end ] --END-- [ RunTime:0.000513s ]
[ 2012-08-07T22:45:11+08:00 ] /fornu/admin.php | INFO: Tag[ app_begin ] --START--
[ 2012-08-07T22:45:11+08:00 ] /fornu/admin.php | INFO: Run ReadHtmlCache Behavior [ RunTime:0.000921s ]
[ 2012-08-07T22:45:11+08:00 ] /fornu/admin.php | INFO: Tag[ app_begin ] --END-- [ RunTime:0.001075s ]
[ 2012-08-07T22:45:11+08:00 ] /fornu/admin.php | INFO: Tag[ view_template ] --START--
[ 2012-08-07T22:45:11+08:00 ] /fornu/admin.php | INFO: Run LocationTemplate Behavior [ RunTime:0.000835s ]
[ 2012-08-07T22:45:11+08:00 ] /fornu/admin.php | INFO: Tag[ view_template ] --END-- [ RunTime:0.000956s ]
[ 2012-08-07T22:45:11+08:00 ] /fornu/admin.php | INFO: Tag[ view_parse ] --START--
[ 2012-08-07T22:45:11+08:00 ] /fornu/admin.php | INFO: Run ParseTemplate Behavior [ RunTime:0.009692s ]
[ 2012-08-07T22:45:11+08:00 ] /fornu/admin.php | INFO: Tag[ view_parse ] --END-- [ RunTime:0.009814s ]
[ 2012-08-07T22:45:11+08:00 ] /fornu/admin.php | INFO: Tag[ view_filter ] --START--
[ 2012-08-07T22:45:11+08:00 ] /fornu/admin.php | INFO: Run ContentReplace Behavior [ RunTime:0.000508s ]
[ 2012-08-07T22:45:11+08:00 ] /fornu/admin.php | INFO: Run TokenBuild Behavior [ RunTime:0.000505s ]
[ 2012-08-07T22:45:11+08:00 ] /fornu/admin.php | INFO: Run WriteHtmlCache Behavior [ RunTime:0.000323s ]
[ 2012-08-07T22:45:11+08:00 ] /fornu/admin.php | INFO: Run ShowRuntime Behavior [ RunTime:0.000604s ]
[ 2012-08-07T22:45:11+08:00 ] /fornu/admin.php | INFO: Tag[ view_filter ] --END-- [ RunTime:0.002195s ]
[ 2012-08-07T22:45:11+08:00 ] /fornu/admin.php | INFO: Tag[ view_end ] --START--
[ 2012-08-07T22:45:11+08:00 ] /fornu/admin.php | INFO: Run ShowPageTrace Behavior [ RunTime:0.000515s ]
[ 2012-08-07T22:45:11+08:00 ] /fornu/admin.php | INFO: Tag[ view_end ] --END-- [ RunTime:0.000601s ]
[ 2012-08-07T22:45:15+08:00 ] /fornu/admin.php | INFO: Tag[ app_begin ] --START--
[ 2012-08-07T22:45:15+08:00 ] /fornu/admin.php | INFO: Run ReadHtmlCache Behavior [ RunTime:0.000957s ]
[ 2012-08-07T22:45:15+08:00 ] /fornu/admin.php | INFO: Tag[ app_begin ] --END-- [ RunTime:0.001143s ]
[ 2012-08-07T22:45:15+08:00 ] /fornu/admin.php | INFO: Tag[ view_template ] --START--
[ 2012-08-07T22:45:15+08:00 ] /fornu/admin.php | INFO: Run LocationTemplate Behavior [ RunTime:0.000773s ]
[ 2012-08-07T22:45:15+08:00 ] /fornu/admin.php | INFO: Tag[ view_template ] --END-- [ RunTime:0.000940s ]
[ 2012-08-07T22:45:15+08:00 ] /fornu/admin.php | INFO: Tag[ view_parse ] --START--
[ 2012-08-07T22:45:15+08:00 ] /fornu/admin.php | INFO: Run ParseTemplate Behavior [ RunTime:0.011530s ]
[ 2012-08-07T22:45:15+08:00 ] /fornu/admin.php | INFO: Tag[ view_parse ] --END-- [ RunTime:0.011694s ]
[ 2012-08-07T22:45:15+08:00 ] /fornu/admin.php | INFO: Tag[ view_filter ] --START--
[ 2012-08-07T22:45:15+08:00 ] /fornu/admin.php | INFO: Run ContentReplace Behavior [ RunTime:0.000639s ]
[ 2012-08-07T22:45:15+08:00 ] /fornu/admin.php | INFO: Run TokenBuild Behavior [ RunTime:0.000522s ]
[ 2012-08-07T22:45:15+08:00 ] /fornu/admin.php | INFO: Run WriteHtmlCache Behavior [ RunTime:0.000226s ]
[ 2012-08-07T22:45:15+08:00 ] /fornu/admin.php | INFO: Run ShowRuntime Behavior [ RunTime:0.000388s ]
[ 2012-08-07T22:45:15+08:00 ] /fornu/admin.php | INFO: Tag[ view_filter ] --END-- [ RunTime:0.005526s ]
[ 2012-08-07T22:45:15+08:00 ] /fornu/admin.php | INFO: Tag[ view_end ] --START--
[ 2012-08-07T22:45:15+08:00 ] /fornu/admin.php | INFO: Run ShowPageTrace Behavior [ RunTime:0.001633s ]
[ 2012-08-07T22:45:15+08:00 ] /fornu/admin.php | INFO: Tag[ view_end ] --END-- [ RunTime:0.001700s ]
[ 2012-08-07T22:45:15+08:00 ] /fornu/admin.php | INFO: Tag[ app_begin ] --START--
[ 2012-08-07T22:45:15+08:00 ] /fornu/admin.php | INFO: Run ReadHtmlCache Behavior [ RunTime:0.000364s ]
[ 2012-08-07T22:45:15+08:00 ] /fornu/admin.php | INFO: Tag[ app_begin ] --END-- [ RunTime:0.000438s ]
[ 2012-08-07T22:45:15+08:00 ] /fornu/admin.php | INFO: Tag[ view_template ] --START--
[ 2012-08-07T22:45:15+08:00 ] /fornu/admin.php | INFO: Run LocationTemplate Behavior [ RunTime:0.000281s ]
[ 2012-08-07T22:45:15+08:00 ] /fornu/admin.php | INFO: Tag[ view_template ] --END-- [ RunTime:0.000341s ]
[ 2012-08-07T22:45:15+08:00 ] /fornu/admin.php | INFO: Tag[ view_parse ] --START--
[ 2012-08-07T22:45:15+08:00 ] /fornu/admin.php | INFO: Run ParseTemplate Behavior [ RunTime:0.005002s ]
[ 2012-08-07T22:45:15+08:00 ] /fornu/admin.php | INFO: Tag[ view_parse ] --END-- [ RunTime:0.005072s ]
[ 2012-08-07T22:45:15+08:00 ] /fornu/admin.php | INFO: Tag[ view_filter ] --START--
[ 2012-08-07T22:45:15+08:00 ] /fornu/admin.php | INFO: Run ContentReplace Behavior [ RunTime:0.000247s ]
[ 2012-08-07T22:45:15+08:00 ] /fornu/admin.php | INFO: Run TokenBuild Behavior [ RunTime:0.000259s ]
[ 2012-08-07T22:45:15+08:00 ] /fornu/admin.php | INFO: Run WriteHtmlCache Behavior [ RunTime:0.000232s ]
[ 2012-08-07T22:45:15+08:00 ] /fornu/admin.php | INFO: Run ShowRuntime Behavior [ RunTime:0.000311s ]
[ 2012-08-07T22:45:15+08:00 ] /fornu/admin.php | INFO: Tag[ view_filter ] --END-- [ RunTime:0.001201s ]
[ 2012-08-07T22:45:15+08:00 ] /fornu/admin.php | INFO: Tag[ view_end ] --START--
[ 2012-08-07T22:45:15+08:00 ] /fornu/admin.php | INFO: Run ShowPageTrace Behavior [ RunTime:0.000281s ]
[ 2012-08-07T22:45:15+08:00 ] /fornu/admin.php | INFO: Tag[ view_end ] --END-- [ RunTime:0.000342s ]
[ 2012-08-07T22:45:15+08:00 ] /fornu/admin.php | INFO: Tag[ app_begin ] --START--
[ 2012-08-07T22:45:15+08:00 ] /fornu/admin.php | INFO: Run ReadHtmlCache Behavior [ RunTime:0.000508s ]
[ 2012-08-07T22:45:15+08:00 ] /fornu/admin.php | INFO: Tag[ app_begin ] --END-- [ RunTime:0.000609s ]
[ 2012-08-07T22:45:15+08:00 ] /fornu/admin.php | INFO: Tag[ view_template ] --START--
[ 2012-08-07T22:45:15+08:00 ] /fornu/admin.php | INFO: Run LocationTemplate Behavior [ RunTime:0.000503s ]
[ 2012-08-07T22:45:15+08:00 ] /fornu/admin.php | INFO: Tag[ view_template ] --END-- [ RunTime:0.000613s ]
[ 2012-08-07T22:45:15+08:00 ] /fornu/admin.php | INFO: Tag[ view_parse ] --START--
[ 2012-08-07T22:45:15+08:00 ] /fornu/admin.php | INFO: Run ParseTemplate Behavior [ RunTime:0.005722s ]
[ 2012-08-07T22:45:15+08:00 ] /fornu/admin.php | INFO: Tag[ view_parse ] --END-- [ RunTime:0.005813s ]
[ 2012-08-07T22:45:15+08:00 ] /fornu/admin.php | INFO: Tag[ view_filter ] --START--
[ 2012-08-07T22:45:15+08:00 ] /fornu/admin.php | INFO: Run ContentReplace Behavior [ RunTime:0.000323s ]
[ 2012-08-07T22:45:15+08:00 ] /fornu/admin.php | INFO: Run TokenBuild Behavior [ RunTime:0.000394s ]
[ 2012-08-07T22:45:15+08:00 ] /fornu/admin.php | INFO: Run WriteHtmlCache Behavior [ RunTime:0.000247s ]
[ 2012-08-07T22:45:15+08:00 ] /fornu/admin.php | INFO: Run ShowRuntime Behavior [ RunTime:0.000426s ]
[ 2012-08-07T22:45:15+08:00 ] /fornu/admin.php | INFO: Tag[ view_filter ] --END-- [ RunTime:0.001601s ]
[ 2012-08-07T22:45:15+08:00 ] /fornu/admin.php | INFO: Tag[ view_end ] --START--
[ 2012-08-07T22:45:15+08:00 ] /fornu/admin.php | INFO: Run ShowPageTrace Behavior [ RunTime:0.000363s ]
[ 2012-08-07T22:45:15+08:00 ] /fornu/admin.php | INFO: Tag[ view_end ] --END-- [ RunTime:0.000433s ]
[ 2012-08-07T22:45:25+08:00 ] /fornu/admin.php | INFO: Tag[ app_begin ] --START--
[ 2012-08-07T22:45:25+08:00 ] /fornu/admin.php | INFO: Run ReadHtmlCache Behavior [ RunTime:0.000506s ]
[ 2012-08-07T22:45:25+08:00 ] /fornu/admin.php | INFO: Tag[ app_begin ] --END-- [ RunTime:0.000607s ]
[ 2012-08-07T22:45:25+08:00 ] /fornu/admin.php | INFO: Tag[ view_template ] --START--
[ 2012-08-07T22:45:25+08:00 ] /fornu/admin.php | INFO: Run LocationTemplate Behavior [ RunTime:0.000728s ]
[ 2012-08-07T22:45:25+08:00 ] /fornu/admin.php | INFO: Tag[ view_template ] --END-- [ RunTime:0.000868s ]
[ 2012-08-07T22:45:25+08:00 ] /fornu/admin.php | INFO: Tag[ view_parse ] --START--
[ 2012-08-07T22:45:25+08:00 ] /fornu/admin.php | INFO: Run ParseTemplate Behavior [ RunTime:0.006119s ]
[ 2012-08-07T22:45:25+08:00 ] /fornu/admin.php | INFO: Tag[ view_parse ] --END-- [ RunTime:0.006216s ]
[ 2012-08-07T22:45:25+08:00 ] /fornu/admin.php | INFO: Tag[ view_filter ] --START--
[ 2012-08-07T22:45:25+08:00 ] /fornu/admin.php | INFO: Run ContentReplace Behavior [ RunTime:0.000439s ]
[ 2012-08-07T22:45:25+08:00 ] /fornu/admin.php | INFO: Run TokenBuild Behavior [ RunTime:0.000365s ]
[ 2012-08-07T22:45:25+08:00 ] /fornu/admin.php | INFO: Run WriteHtmlCache Behavior [ RunTime:0.000267s ]
[ 2012-08-07T22:45:25+08:00 ] /fornu/admin.php | INFO: Run ShowRuntime Behavior [ RunTime:0.000421s ]
[ 2012-08-07T22:45:25+08:00 ] /fornu/admin.php | INFO: Tag[ view_filter ] --END-- [ RunTime:0.001665s ]
[ 2012-08-07T22:45:25+08:00 ] /fornu/admin.php | INFO: Tag[ view_end ] --START--
[ 2012-08-07T22:45:25+08:00 ] /fornu/admin.php | INFO: Run ShowPageTrace Behavior [ RunTime:0.000371s ]
[ 2012-08-07T22:45:25+08:00 ] /fornu/admin.php | INFO: Tag[ view_end ] --END-- [ RunTime:0.000425s ]
[ 2012-08-07T22:45:25+08:00 ] /fornu/admin.php | INFO: Tag[ app_begin ] --START--
[ 2012-08-07T22:45:25+08:00 ] /fornu/admin.php | INFO: Run ReadHtmlCache Behavior [ RunTime:0.000552s ]
[ 2012-08-07T22:45:25+08:00 ] /fornu/admin.php | INFO: Tag[ app_begin ] --END-- [ RunTime:0.000657s ]
[ 2012-08-07T22:45:25+08:00 ] /fornu/admin.php | INFO: Tag[ view_template ] --START--
[ 2012-08-07T22:45:25+08:00 ] /fornu/admin.php | INFO: Run LocationTemplate Behavior [ RunTime:0.000647s ]
[ 2012-08-07T22:45:25+08:00 ] /fornu/admin.php | INFO: Tag[ view_template ] --END-- [ RunTime:0.000756s ]
[ 2012-08-07T22:45:25+08:00 ] /fornu/admin.php | INFO: Tag[ view_parse ] --START--
[ 2012-08-07T22:45:25+08:00 ] /fornu/admin.php | INFO: Run ParseTemplate Behavior [ RunTime:0.006939s ]
[ 2012-08-07T22:45:25+08:00 ] /fornu/admin.php | INFO: Tag[ view_parse ] --END-- [ RunTime:0.007014s ]
[ 2012-08-07T22:45:25+08:00 ] /fornu/admin.php | INFO: Tag[ view_filter ] --START--
[ 2012-08-07T22:45:25+08:00 ] /fornu/admin.php | INFO: Run ContentReplace Behavior [ RunTime:0.000366s ]
[ 2012-08-07T22:45:25+08:00 ] /fornu/admin.php | INFO: Run TokenBuild Behavior [ RunTime:0.000340s ]
[ 2012-08-07T22:45:25+08:00 ] /fornu/admin.php | INFO: Run WriteHtmlCache Behavior [ RunTime:0.000246s ]
[ 2012-08-07T22:45:25+08:00 ] /fornu/admin.php | INFO: Run ShowRuntime Behavior [ RunTime:0.000419s ]
[ 2012-08-07T22:45:25+08:00 ] /fornu/admin.php | INFO: Tag[ view_filter ] --END-- [ RunTime:0.001509s ]
[ 2012-08-07T22:45:25+08:00 ] /fornu/admin.php | INFO: Tag[ view_end ] --START--
[ 2012-08-07T22:45:25+08:00 ] /fornu/admin.php | INFO: Run ShowPageTrace Behavior [ RunTime:0.000360s ]
[ 2012-08-07T22:45:25+08:00 ] /fornu/admin.php | INFO: Tag[ view_end ] --END-- [ RunTime:0.000418s ]
[ 2012-08-07T22:45:26+08:00 ] /fornu/admin.php | INFO: Tag[ app_begin ] --START--
[ 2012-08-07T22:45:26+08:00 ] /fornu/admin.php | INFO: Run ReadHtmlCache Behavior [ RunTime:0.000815s ]
[ 2012-08-07T22:45:26+08:00 ] /fornu/admin.php | INFO: Tag[ app_begin ] --END-- [ RunTime:0.000960s ]
[ 2012-08-07T22:45:26+08:00 ] /fornu/admin.php | INFO: Tag[ view_template ] --START--
[ 2012-08-07T22:45:26+08:00 ] /fornu/admin.php | INFO: Run LocationTemplate Behavior [ RunTime:0.000810s ]
[ 2012-08-07T22:45:26+08:00 ] /fornu/admin.php | INFO: Tag[ view_template ] --END-- [ RunTime:0.000950s ]
[ 2012-08-07T22:45:26+08:00 ] /fornu/admin.php | INFO: Tag[ view_parse ] --START--
[ 2012-08-07T22:45:26+08:00 ] /fornu/admin.php | INFO: Run ParseTemplate Behavior [ RunTime:0.008563s ]
[ 2012-08-07T22:45:26+08:00 ] /fornu/admin.php | INFO: Tag[ view_parse ] --END-- [ RunTime:0.008661s ]
[ 2012-08-07T22:45:26+08:00 ] /fornu/admin.php | INFO: Tag[ view_filter ] --START--
[ 2012-08-07T22:45:26+08:00 ] /fornu/admin.php | INFO: Run ContentReplace Behavior [ RunTime:0.000787s ]
[ 2012-08-07T22:45:26+08:00 ] /fornu/admin.php | INFO: Run TokenBuild Behavior [ RunTime:0.000859s ]
[ 2012-08-07T22:45:26+08:00 ] /fornu/admin.php | INFO: Run WriteHtmlCache Behavior [ RunTime:0.000599s ]
[ 2012-08-07T22:45:26+08:00 ] /fornu/admin.php | INFO: Run ShowRuntime Behavior [ RunTime:0.000989s ]
[ 2012-08-07T22:45:26+08:00 ] /fornu/admin.php | INFO: Tag[ view_filter ] --END-- [ RunTime:0.003587s ]
[ 2012-08-07T22:45:26+08:00 ] /fornu/admin.php | INFO: Tag[ view_end ] --START--
[ 2012-08-07T22:45:26+08:00 ] /fornu/admin.php | INFO: Run ShowPageTrace Behavior [ RunTime:0.000718s ]
[ 2012-08-07T22:45:26+08:00 ] /fornu/admin.php | INFO: Tag[ view_end ] --END-- [ RunTime:0.000836s ]
[ 2012-08-07T22:45:26+08:00 ] /fornu/admin.php | INFO: Tag[ app_begin ] --START--
[ 2012-08-07T22:45:26+08:00 ] /fornu/admin.php | INFO: Run ReadHtmlCache Behavior [ RunTime:0.001120s ]
[ 2012-08-07T22:45:26+08:00 ] /fornu/admin.php | INFO: Tag[ app_begin ] --END-- [ RunTime:0.001318s ]
[ 2012-08-07T22:45:26+08:00 ] /fornu/admin.php | INFO: Tag[ view_template ] --START--
[ 2012-08-07T22:45:26+08:00 ] /fornu/admin.php | INFO: Run LocationTemplate Behavior [ RunTime:0.000734s ]
[ 2012-08-07T22:45:26+08:00 ] /fornu/admin.php | INFO: Tag[ view_template ] --END-- [ RunTime:0.000813s ]
[ 2012-08-07T22:45:26+08:00 ] /fornu/admin.php | INFO: Tag[ view_parse ] --START--
[ 2012-08-07T22:45:26+08:00 ] /fornu/admin.php | INFO: Run ParseTemplate Behavior [ RunTime:0.005290s ]
[ 2012-08-07T22:45:26+08:00 ] /fornu/admin.php | INFO: Tag[ view_parse ] --END-- [ RunTime:0.005363s ]
[ 2012-08-07T22:45:26+08:00 ] /fornu/admin.php | INFO: Tag[ view_filter ] --START--
[ 2012-08-07T22:45:26+08:00 ] /fornu/admin.php | INFO: Run ContentReplace Behavior [ RunTime:0.000366s ]
[ 2012-08-07T22:45:26+08:00 ] /fornu/admin.php | INFO: Run TokenBuild Behavior [ RunTime:0.000377s ]
[ 2012-08-07T22:45:26+08:00 ] /fornu/admin.php | INFO: Run WriteHtmlCache Behavior [ RunTime:0.000291s ]
[ 2012-08-07T22:45:26+08:00 ] /fornu/admin.php | INFO: Run ShowRuntime Behavior [ RunTime:0.000429s ]
[ 2012-08-07T22:45:26+08:00 ] /fornu/admin.php | INFO: Tag[ view_filter ] --END-- [ RunTime:0.001612s ]
[ 2012-08-07T22:45:26+08:00 ] /fornu/admin.php | INFO: Tag[ view_end ] --START--
[ 2012-08-07T22:45:26+08:00 ] /fornu/admin.php | INFO: Run ShowPageTrace Behavior [ RunTime:0.000373s ]
[ 2012-08-07T22:45:26+08:00 ] /fornu/admin.php | INFO: Tag[ view_end ] --END-- [ RunTime:0.000427s ]
[ 2012-08-07T22:45:54+08:00 ] /fornu/admin.php | INFO: Tag[ app_begin ] --START--
[ 2012-08-07T22:45:54+08:00 ] /fornu/admin.php | INFO: Run ReadHtmlCache Behavior [ RunTime:0.000484s ]
[ 2012-08-07T22:45:54+08:00 ] /fornu/admin.php | INFO: Tag[ app_begin ] --END-- [ RunTime:0.000558s ]
[ 2012-08-07T22:45:54+08:00 ] /fornu/admin.php | INFO: Tag[ view_template ] --START--
[ 2012-08-07T22:45:54+08:00 ] /fornu/admin.php | INFO: Run LocationTemplate Behavior [ RunTime:0.000499s ]
[ 2012-08-07T22:45:54+08:00 ] /fornu/admin.php | INFO: Tag[ view_template ] --END-- [ RunTime:0.000554s ]
[ 2012-08-07T22:45:54+08:00 ] /fornu/admin.php | INFO: Tag[ view_parse ] --START--
[ 2012-08-07T22:45:54+08:00 ] /fornu/admin.php | INFO: Run ParseTemplate Behavior [ RunTime:0.004875s ]
[ 2012-08-07T22:45:54+08:00 ] /fornu/admin.php | INFO: Tag[ view_parse ] --END-- [ RunTime:0.004936s ]
[ 2012-08-07T22:45:54+08:00 ] /fornu/admin.php | INFO: Tag[ view_filter ] --START--
[ 2012-08-07T22:45:54+08:00 ] /fornu/admin.php | INFO: Run ContentReplace Behavior [ RunTime:0.000349s ]
[ 2012-08-07T22:45:54+08:00 ] /fornu/admin.php | INFO: Run TokenBuild Behavior [ RunTime:0.000369s ]
[ 2012-08-07T22:45:54+08:00 ] /fornu/admin.php | INFO: Run WriteHtmlCache Behavior [ RunTime:0.000246s ]
[ 2012-08-07T22:45:54+08:00 ] /fornu/admin.php | INFO: Run ShowRuntime Behavior [ RunTime:0.000412s ]
[ 2012-08-07T22:45:54+08:00 ] /fornu/admin.php | INFO: Tag[ view_filter ] --END-- [ RunTime:0.001516s ]
[ 2012-08-07T22:45:54+08:00 ] /fornu/admin.php | INFO: Tag[ view_end ] --START--
[ 2012-08-07T22:45:54+08:00 ] /fornu/admin.php | INFO: Run ShowPageTrace Behavior [ RunTime:0.000348s ]
[ 2012-08-07T22:45:54+08:00 ] /fornu/admin.php | INFO: Tag[ view_end ] --END-- [ RunTime:0.000399s ]
